#
# There is insufficient memory for the Java Runtime Environment to continue.
# Native memory allocation (mmap) failed to map 266338304 bytes for G1 virtual space
# Possible reasons:
#   The system is out of physical RAM or swap space
#   The process is running with CompressedOops enabled, and the Java Heap may be blocking the growth of the native heap
# Possible solutions:
#   Reduce memory load on the system
#   Increase physical memory or swap space
#   Check if swap backing store is full
#   Decrease Java heap size (-Xmx/-Xms)
#   Decrease number of Java threads
#   Decrease Java thread stack sizes (-Xss)
#   Set larger code cache with -XX:ReservedCodeCacheSize=
#   JVM is running with Zero Based Compressed Oops mode in which the Java heap is
#     placed in the first 32GB address space. The Java Heap base address is the
#     maximum limit for the native heap growth. Please use -XX:HeapBaseMinAddress
#     to set the Java Heap base and to place the Java Heap above 32GB virtual address.
# This output file may be truncated or incomplete.
#
#  Out of Memory Error (os_windows.cpp:3469), pid=13436, tid=1596
#
# JRE version:  (17.0.1+12) (build )
# Java VM: Java HotSpot(TM) 64-Bit Server VM (17.0.1+12-LTS-39, mixed mode, emulated-client, sharing, tiered, compressed oops, compressed class ptrs, g1 gc, windows-amd64)
# No core dump will be written. Minidumps are not enabled by default on client versions of Windows
#

---------------  S U M M A R Y ------------

Command Line: -XX:TieredStopAtLevel=1 -Xverify:none -Dspring.output.ansi.enabled=always -Dcom.sun.management.jmxremote -Dspring.jmx.enabled=true -Dspring.liveBeansView.mbeanDomain -Dspring.application.admin.enabled=true -javaagent:E:\IntelliJ IDEA 2022.1\lib\idea_rt.jar=53766:E:\IntelliJ IDEA 2022.1\bin -Dfile.encoding=UTF-8 com.itsymion.Railway01Application

Host: Intel(R) Core(TM) i7-7700 CPU @ 3.60GHz, 8 cores, 15G,  Windows 10 , 64 bit Build 18362 (10.0.18362.86)
Time: Mon Jun 27 15:31:21 2022 中国标准时间 elapsed time: 0.011773 seconds (0d 0h 0m 0s)

---------------  T H R E A D  ---------------

Current thread (0x000001d07f63e200):  JavaThread "Unknown thread" [_thread_in_vm, id=1596, stack(0x0000006449500000,0x0000006449600000)]

Stack: [0x0000006449500000,0x0000006449600000]
Native frames: (J=compiled Java code, j=interpreted, Vv=VM code, C=native code)
V  [jvm.dll+0x66fa1a]
V  [jvm.dll+0x7ce5a4]
V  [jvm.dll+0x7cfd4e]
V  [jvm.dll+0x7d03b3]
V  [jvm.dll+0x242b05]
V  [jvm.dll+0x66ca39]
V  [jvm.dll+0x661502]
V  [jvm.dll+0x30081b]
V  [jvm.dll+0x307da6]
V  [jvm.dll+0x357a1e]
V  [jvm.dll+0x357c4f]
V  [jvm.dll+0x2d7ad8]
V  [jvm.dll+0x2d8a44]
V  [jvm.dll+0x7a01e1]
V  [jvm.dll+0x365791]
V  [jvm.dll+0x77f6cc]
V  [jvm.dll+0x3e812f]
V  [jvm.dll+0x3e9bd1]
C  [jli.dll+0x527b]
C  [ucrtbase.dll+0x1d912]
C  [KERNEL32.DLL+0x17bd4]
C  [ntdll.dll+0x6ce71]


---------------  P R O C E S S  ---------------

Threads class SMR info:
_java_thread_list=0x00007ffc3b1a7818, length=0, elements={
}

Java Threads: ( => current thread )

Other Threads:
  0x000001d07f68d5e0 GCTaskThread "GC Thread#0" [stack: 0x0000006449600000,0x0000006449700000] [id=18008]
  0x000001d07f6a1230 ConcurrentGCThread "G1 Main Marker" [stack: 0x0000006449700000,0x0000006449800000] [id=1392]
  0x000001d07f6a22f0 ConcurrentGCThread "G1 Conc#0" [stack: 0x0000006449800000,0x0000006449900000] [id=12348]

[error occurred during error reporting (printing all threads), id 0xc0000005, EXCEPTION_ACCESS_VIOLATION (0xc0000005) at pc=0x00007ffc3a9f84b7]

VM state: not at safepoint (not fully initialized)

VM Mutex/Monitor currently owned by a thread:  ([mutex/lock_event])
[0x000001d07f63a990] Heap_lock - owner thread: 0x000001d07f63e200

Heap address: 0x0000000702200000, size: 4062 MB, Compressed Oops mode: Zero based, Oop shift amount: 3

CDS archive(s) mapped at: [0x0000000000000000-0x0000000000000000-0x0000000000000000), size 0, SharedBaseAddress: 0x0000000800000000, ArchiveRelocationMode: 0.
Narrow klass base: 0x0000000000000000, Narrow klass shift: 0, Narrow klass range: 0x0

GC Precious Log:
<Empty>

Heap:
 garbage-first heap   total 0K, used 0K [0x0000000702200000, 0x0000000800000000)
  region size 2048K, 0 young (0K), 0 survivors (0K)

[error occurred during error reporting (printing heap information), id 0xc0000005, EXCEPTION_ACCESS_VIOLATION (0xc0000005) at pc=0x00007ffc3add8d89]

GC Heap History (0 events):
No events

Deoptimization events (0 events):
No events

Classes unloaded (0 events):
No events

Classes redefined (0 events):
No events

Internal exceptions (0 events):
No events

VM Operations (0 events):
No events

Events (1 events):
Event: 0.007 Loaded shared library E:\jdk17\bin\java.dll


Dynamic libraries:
0x00007ff61ba50000 - 0x00007ff61ba60000 	E:\jdk17\bin\java.exe
0x00007ffc7ba60000 - 0x00007ffc7bc50000 	C:\Windows\SYSTEM32\ntdll.dll
0x00007ffc7b6f0000 - 0x00007ffc7b7a2000 	C:\Windows\System32\KERNEL32.DLL
0x00007ffc78e30000 - 0x00007ffc790d3000 	C:\Windows\System32\KERNELBASE.dll
0x00007ffc78b90000 - 0x00007ffc78c8a000 	C:\Windows\System32\ucrtbase.dll
0x00007ffc73e90000 - 0x00007ffc73ea8000 	E:\jdk17\bin\jli.dll
0x00007ffc73e70000 - 0x00007ffc73e8a000 	E:\jdk17\bin\VCRUNTIME140.dll
0x00007ffc7ab00000 - 0x00007ffc7aba3000 	C:\Windows\System32\ADVAPI32.dll
0x00007ffc7a200000 - 0x00007ffc7a29e000 	C:\Windows\System32\msvcrt.dll
0x00007ffc7b160000 - 0x00007ffc7b1f7000 	C:\Windows\System32\sechost.dll
0x00007ffc7a9e0000 - 0x00007ffc7ab00000 	C:\Windows\System32\RPCRT4.dll
0x00007ffc7b3a0000 - 0x00007ffc7b533000 	C:\Windows\System32\USER32.dll
0x00007ffc79a50000 - 0x00007ffc79a71000 	C:\Windows\System32\win32u.dll
0x00007ffc695e0000 - 0x00007ffc69865000 	C:\Windows\WinSxS\amd64_microsoft.windows.common-controls_6595b64144ccf1df_6.0.18362.239_none_e6c7aebd130c7608\COMCTL32.dll
0x00007ffc7af80000 - 0x00007ffc7afa6000 	C:\Windows\System32\GDI32.dll
0x00007ffc7ac40000 - 0x00007ffc7af76000 	C:\Windows\System32\combase.dll
0x00007ffc78c90000 - 0x00007ffc78e24000 	C:\Windows\System32\gdi32full.dll
0x00007ffc78a00000 - 0x00007ffc78a80000 	C:\Windows\System32\bcryptPrimitives.dll
0x00007ffc79860000 - 0x00007ffc798fe000 	C:\Windows\System32\msvcp_win.dll
0x00007ffc6c780000 - 0x00007ffc6c78a000 	C:\Windows\SYSTEM32\VERSION.dll
0x00007ffc7a710000 - 0x00007ffc7a73e000 	C:\Windows\System32\IMM32.DLL
0x00007ffc75640000 - 0x00007ffc7564c000 	E:\jdk17\bin\vcruntime140_1.dll
0x00007ffc73de0000 - 0x00007ffc73e6d000 	E:\jdk17\bin\msvcp140.dll
0x00007ffc3a710000 - 0x00007ffc3b2ce000 	E:\jdk17\bin\server\jvm.dll
0x00007ffc7a740000 - 0x00007ffc7a748000 	C:\Windows\System32\PSAPI.DLL
0x00007ffc5e000000 - 0x00007ffc5e009000 	C:\Windows\SYSTEM32\WSOCK32.dll
0x00007ffc75a80000 - 0x00007ffc75aa4000 	C:\Windows\SYSTEM32\WINMM.dll
0x00007ffc7b0f0000 - 0x00007ffc7b15f000 	C:\Windows\System32\WS2_32.dll
0x00007ffc75a50000 - 0x00007ffc75a7d000 	C:\Windows\SYSTEM32\WINMMBASE.dll
0x00007ffc79aa0000 - 0x00007ffc79aea000 	C:\Windows\System32\cfgmgr32.dll
0x00007ffc78950000 - 0x00007ffc78961000 	C:\Windows\System32\kernel.appcore.dll
0x00007ffc75620000 - 0x00007ffc7562a000 	E:\jdk17\bin\jimage.dll
0x00007ffc76fd0000 - 0x00007ffc771c4000 	C:\Windows\SYSTEM32\DBGHELP.DLL
0x00007ffc5f210000 - 0x00007ffc5f23a000 	C:\Windows\SYSTEM32\dbgcore.DLL
0x00007ffc6c1f0000 - 0x00007ffc6c1fe000 	E:\jdk17\bin\instrument.dll
0x00007ffc72ac0000 - 0x00007ffc72ae5000 	E:\jdk17\bin\java.dll

dbghelp: loaded successfully - version: 4.0.5 - missing functions: none
symbol engine: initialized successfully - sym options: 0x614 - pdb path: .;E:\jdk17\bin;C:\Windows\SYSTEM32;C:\Windows\WinSxS\amd64_microsoft.windows.common-controls_6595b64144ccf1df_6.0.18362.239_none_e6c7aebd130c7608;E:\jdk17\bin\server

VM Arguments:
jvm_args: -XX:TieredStopAtLevel=1 -Xverify:none -Dspring.output.ansi.enabled=always -Dcom.sun.management.jmxremote -Dspring.jmx.enabled=true -Dspring.liveBeansView.mbeanDomain -Dspring.application.admin.enabled=true -javaagent:E:\IntelliJ IDEA 2022.1\lib\idea_rt.jar=53766:E:\IntelliJ IDEA 2022.1\bin -Dfile.encoding=UTF-8 
java_command: com.itsymion.Railway01Application
java_class_path (initial): C:\Users\SyMi0n\Desktop\新建文件夹\SubwayLinePicProject\后端\railway_01\target\classes;C:\Users\SyMi0n\.m2\repository\com\github\pagehelper\pagehelper-spring-boot-starter\1.4.2\pagehelper-spring-boot-starter-1.4.2.jar;C:\Users\SyMi0n\.m2\repository\org\springframework\boot\spring-boot-starter\2.6.4\spring-boot-starter-2.6.4.jar;C:\Users\SyMi0n\.m2\repository\org\springframework\boot\spring-boot\2.6.4\spring-boot-2.6.4.jar;C:\Users\SyMi0n\.m2\repository\org\springframework\boot\spring-boot-starter-logging\2.6.4\spring-boot-starter-logging-2.6.4.jar;C:\Users\SyMi0n\.m2\repository\ch\qos\logback\logback-classic\1.2.10\logback-classic-1.2.10.jar;C:\Users\SyMi0n\.m2\repository\ch\qos\logback\logback-core\1.2.10\logback-core-1.2.10.jar;C:\Users\SyMi0n\.m2\repository\org\apache\logging\log4j\log4j-to-slf4j\2.17.1\log4j-to-slf4j-2.17.1.jar;C:\Users\SyMi0n\.m2\repository\org\apache\logging\log4j\log4j-api\2.17.1\log4j-api-2.17.1.jar;C:\Users\SyMi0n\.m2\repository\org\slf4j\jul-to-slf4j\1.7.36\jul-to-slf4j-1.7.36.jar;C:\Users\SyMi0n\.m2\repository\jakarta\annotation\jakarta.annotation-api\1.3.5\jakarta.annotation-api-1.3.5.jar;C:\Users\SyMi0n\.m2\repository\org\yaml\snakeyaml\1.29\snakeyaml-1.29.jar;C:\Users\SyMi0n\.m2\repository\org\mybatis\spring\boot\mybatis-spring-boot-starter\2.2.2\mybatis-spring-boot-starter-2.2.2.jar;C:\Users\SyMi0n\.m2\repository\org\mybatis\spring\boot\mybatis-spring-boot-autoconfigure\2.2.2\mybatis-spring-boot-autoconfigure-2.2.2.jar;C:\Users\SyMi0n\.m2\repository\org\mybatis\mybatis\3.5.9\mybatis-3.5.9.jar;C:\Users\SyMi0n\.m2\repository\org\mybatis\mybatis-spring\2.0.7\mybatis-spring-2.0.7.jar;C:\Users\SyMi0n\.m2\repository\com\github\pagehelper\pagehelper-spring-boot-autoconfigure\1.4.2\pagehelper-spring-boot-autoconfigure-1.4.2.jar;C:\Users\SyMi0n\.m2\repository\com\github\pagehelper\pagehelper\5.3.0\pagehelper-5.3.0.jar;C:\Users\SyMi0n\.m2\repository\com\github\jsqlparser\jsqlparser\4.2\jsqlparser-4.2.jar;C:\Users\Sy
Launcher Type: SUN_STANDARD

[Global flags]
     intx CICompilerCount                          = 4                                         {product} {ergonomic}
     uint ConcGCThreads                            = 2                                         {product} {ergonomic}
     uint G1ConcRefinementThreads                  = 8                                         {product} {ergonomic}
   size_t G1HeapRegionSize                         = 2097152                                   {product} {ergonomic}
    uintx GCDrainStackTargetSize                   = 64                                        {product} {ergonomic}
   size_t InitialHeapSize                          = 266338304                                 {product} {ergonomic}
     bool ManagementServer                         = true                                      {product} {command line}
   size_t MarkStackSize                            = 4194304                                   {product} {ergonomic}
   size_t MaxHeapSize                              = 4259315712                                {product} {ergonomic}
   size_t MinHeapDeltaBytes                        = 2097152                                   {product} {ergonomic}
   size_t MinHeapSize                              = 8388608                                   {product} {ergonomic}
    uintx NonProfiledCodeHeapSize                  = 0                                      {pd product} {ergonomic}
     bool ProfileInterpreter                       = false                                  {pd product} {command line}
    uintx ProfiledCodeHeapSize                     = 0                                      {pd product} {ergonomic}
   size_t SoftMaxHeapSize                          = 4259315712                             {manageable} {ergonomic}
     intx TieredStopAtLevel                        = 1                                         {product} {command line}
     bool UseCompressedClassPointers               = true                           {product lp64_product} {ergonomic}
     bool UseCompressedOops                        = true                           {product lp64_product} {ergonomic}
     bool UseG1GC                                  = true                                      {product} {ergonomic}
     bool UseLargePagesIndividualAllocation        = false                                  {pd product} {ergonomic}

Logging:
Log output configuration:
 #0: stdout all=warning uptime,level,tags
 #1: stderr all=off uptime,level,tags

Environment Variables:
JAVA_HOME=E:\jdk\bin\java.exe
CLASSPATH=.;E:\jdk\bin\java.exe\lib\dt.jar;E:\jdk\bin\java.exe\lib\tools.jar
PATH=C:\Program Files\Common Files\Oracle\Java\javapath;C:\Windows\system32;C:\Windows;C:\Windows\System32\Wbem;C:\Windows\System32\WindowsPowerShell\v1.0\;C:\Windows\System32\OpenSSH\;C:\Program Files\dotnet\;E:\jdk\bin\java.exe\bin;E:\jdk\bin\java.exe\jre\bin;E:\Cplex\opl\bin\x64_win64;E:\Cplex\opl\oplide\;E:\Cplex\cplex\bin\x64_win64;E:\Cplex\cpoptimizer\bin\x64_win64;E:\Git\cmd;E:\apache-tomcat-9.0.60\bin;E:\nodejs\;C:\Program Files\MySQL\MySQL Shell 8.0\bin\;C:\Users\SyMi0n\AppData\Local\Microsoft\WindowsApps;C:\Program Files\Bandizip\;C:\Users\SyMi0n\.dotnet\tools;E:\Microsoft VS Code\bin;C:\Users\SyMi0n\AppData\Roaming\npm
USERNAME=SyMi0n
OS=Windows_NT
PROCESSOR_IDENTIFIER=Intel64 Family 6 Model 158 Stepping 9, GenuineIntel



---------------  S Y S T E M  ---------------

OS:
 Windows 10 , 64 bit Build 18362 (10.0.18362.86)
OS uptime: 6 days 21:27 hours

CPU: total 8 (initial active 8) (4 cores per cpu, 2 threads per core) family 6 model 158 stepping 9 microcode 0xb4, cx8, cmov, fxsr, ht, mmx, 3dnowpref, sse, sse2, sse3, ssse3, sse4.1, sse4.2, popcnt, lzcnt, tsc, tscinvbit, avx, avx2, aes, erms, clmul, bmi1, bmi2, rtm, adx, fma, vzeroupper, clflush, clflushopt

Memory: 4k page, system-wide physical 16247M (3723M free)
TotalPageFile size 29048M (AvailPageFile size 115M)
current process WorkingSet (physical memory assigned to process): 11M, peak: 11M
current process commit charge ("private bytes"): 55M, peak: 309M

vm_info: Java HotSpot(TM) 64-Bit Server VM (17.0.1+12-LTS-39) for windows-amd64 JRE (17.0.1+12-LTS-39), built on Sep 27 2021 18:41:35 by "mach5one" with MS VC++ 16.8 (VS2019)

END.
